Analysis & Synthesis report for DE1_SoC
Wed May 03 12:13:58 2023
Quartus Prime Version 17.0.0 Build 595 04/25/2017 SJ Lite Edition


---------------------
; Table of Contents ;
---------------------
  1. Legal Notice
  2. Analysis & Synthesis Summary
  3. Analysis & Synthesis Settings
  4. Parallel Compilation
  5. Analysis & Synthesis Messages
  6. Analysis & Synthesis Suppressed Messages



----------------
; Legal Notice ;
----------------
Copyright (C) 2017  Intel Corporation. All rights reserved.
Your use of Intel Corporation's design tools, logic functions 
and other software and tools, and its AMPP partner logic 
functions, and any output files from any of the foregoing 
(including device programming or simulation files), and any 
associated documentation or information are expressly subject 
to the terms and conditions of the Intel Program License 
Subscription Agreement, the Intel Quartus Prime License Agreement,
the Intel MegaCore Function License Agreement, or other 
applicable license agreement, including, without limitation, 
that your use is for the sole purpose of programming logic 
devices manufactured by Intel and sold by Intel or its 
authorized distributors.  Please refer to the applicable 
agreement for further details.



+---------------------------------------------------------------------------+
; Analysis & Synthesis Summary                                              ;
+-----------------------------+---------------------------------------------+
; Analysis & Synthesis Status ; Failed - Wed May 03 12:13:58 2023           ;
; Quartus Prime Version       ; 17.0.0 Build 595 04/25/2017 SJ Lite Edition ;
; Revision Name               ; DE1_SoC                                     ;
; Top-level Entity Name       ; top                                         ;
; Family                      ; Cyclone V                                   ;
; Logic utilization (in ALMs) ; N/A until Partition Merge                   ;
; Total registers             ; N/A until Partition Merge                   ;
; Total pins                  ; N/A until Partition Merge                   ;
; Total virtual pins          ; N/A until Partition Merge                   ;
; Total block memory bits     ; N/A until Partition Merge                   ;
; Total PLLs                  ; N/A until Partition Merge                   ;
; Total DLLs                  ; N/A until Partition Merge                   ;
+-----------------------------+---------------------------------------------+


+---------------------------------------------------------------------------------------------------------------------------+
; Analysis & Synthesis Settings                                                                                             ;
+---------------------------------------------------------------------------------+--------------------+--------------------+
; Option                                                                          ; Setting            ; Default Value      ;
+---------------------------------------------------------------------------------+--------------------+--------------------+
; Device                                                                          ; 5CSEMA5F31C6       ;                    ;
; Top-level entity name                                                           ; top                ; DE1_SoC            ;
; Family name                                                                     ; Cyclone V          ; Cyclone V          ;
; State Machine Processing                                                        ; User-Encoded       ; Auto               ;
; Use smart compilation                                                           ; Off                ; Off                ;
; Enable parallel Assembler and TimeQuest Timing Analyzer during compilation      ; On                 ; On                 ;
; Enable compact report table                                                     ; Off                ; Off                ;
; Restructure Multiplexers                                                        ; Auto               ; Auto               ;
; MLAB Add Timing Constraints For Mixed-Port Feed-Through Mode Setting Don't Care ; Off                ; Off                ;
; Create Debugging Nodes for IP Cores                                             ; Off                ; Off                ;
; Preserve fewer node names                                                       ; On                 ; On                 ;
; OpenCore Plus hardware evaluation                                               ; Enable             ; Enable             ;
; Verilog Version                                                                 ; Verilog_2001       ; Verilog_2001       ;
; VHDL Version                                                                    ; VHDL_1993          ; VHDL_1993          ;
; Safe State Machine                                                              ; Off                ; Off                ;
; Extract Verilog State Machines                                                  ; On                 ; On                 ;
; Extract VHDL State Machines                                                     ; On                 ; On                 ;
; Ignore Verilog initial constructs                                               ; Off                ; Off                ;
; Iteration limit for constant Verilog loops                                      ; 5000               ; 5000               ;
; Iteration limit for non-constant Verilog loops                                  ; 250                ; 250                ;
; Add Pass-Through Logic to Inferred RAMs                                         ; On                 ; On                 ;
; Infer RAMs from Raw Logic                                                       ; On                 ; On                 ;
; Parallel Synthesis                                                              ; On                 ; On                 ;
; DSP Block Balancing                                                             ; Auto               ; Auto               ;
; NOT Gate Push-Back                                                              ; On                 ; On                 ;
; Power-Up Don't Care                                                             ; On                 ; On                 ;
; Remove Redundant Logic Cells                                                    ; Off                ; Off                ;
; Remove Duplicate Registers                                                      ; On                 ; On                 ;
; Ignore CARRY Buffers                                                            ; Off                ; Off                ;
; Ignore CASCADE Buffers                                                          ; Off                ; Off                ;
; Ignore GLOBAL Buffers                                                           ; Off                ; Off                ;
; Ignore ROW GLOBAL Buffers                                                       ; Off                ; Off                ;
; Ignore LCELL Buffers                                                            ; Off                ; Off                ;
; Ignore SOFT Buffers                                                             ; On                 ; On                 ;
; Limit AHDL Integers to 32 Bits                                                  ; Off                ; Off                ;
; Optimization Technique                                                          ; Balanced           ; Balanced           ;
; Carry Chain Length                                                              ; 70                 ; 70                 ;
; Auto Carry Chains                                                               ; On                 ; On                 ;
; Auto Open-Drain Pins                                                            ; On                 ; On                 ;
; Perform WYSIWYG Primitive Resynthesis                                           ; Off                ; Off                ;
; Auto ROM Replacement                                                            ; On                 ; On                 ;
; Auto RAM Replacement                                                            ; On                 ; On                 ;
; Auto DSP Block Replacement                                                      ; On                 ; On                 ;
; Auto Shift Register Replacement                                                 ; Auto               ; Auto               ;
; Allow Shift Register Merging across Hierarchies                                 ; Auto               ; Auto               ;
; Auto Clock Enable Replacement                                                   ; On                 ; On                 ;
; Strict RAM Replacement                                                          ; Off                ; Off                ;
; Allow Synchronous Control Signals                                               ; On                 ; On                 ;
; Force Use of Synchronous Clear Signals                                          ; Off                ; Off                ;
; Auto Resource Sharing                                                           ; Off                ; Off                ;
; Allow Any RAM Size For Recognition                                              ; Off                ; Off                ;
; Allow Any ROM Size For Recognition                                              ; Off                ; Off                ;
; Allow Any Shift Register Size For Recognition                                   ; Off                ; Off                ;
; Use LogicLock Constraints during Resource Balancing                             ; On                 ; On                 ;
; Ignore translate_off and synthesis_off directives                               ; Off                ; Off                ;
; Timing-Driven Synthesis                                                         ; On                 ; On                 ;
; Report Parameter Settings                                                       ; On                 ; On                 ;
; Report Source Assignments                                                       ; On                 ; On                 ;
; Report Connectivity Checks                                                      ; On                 ; On                 ;
; Ignore Maximum Fan-Out Assignments                                              ; Off                ; Off                ;
; Synchronization Register Chain Length                                           ; 3                  ; 3                  ;
; PowerPlay Power Optimization During Synthesis                                   ; Normal compilation ; Normal compilation ;
; HDL message level                                                               ; Level2             ; Level2             ;
; Suppress Register Optimization Related Messages                                 ; Off                ; Off                ;
; Number of Removed Registers Reported in Synthesis Report                        ; 5000               ; 5000               ;
; Number of Swept Nodes Reported in Synthesis Report                              ; 5000               ; 5000               ;
; Number of Inverted Registers Reported in Synthesis Report                       ; 100                ; 100                ;
; Clock MUX Protection                                                            ; On                 ; On                 ;
; Auto Gated Clock Conversion                                                     ; Off                ; Off                ;
; Block Design Naming                                                             ; Auto               ; Auto               ;
; SDC constraint protection                                                       ; Off                ; Off                ;
; Synthesis Effort                                                                ; Auto               ; Auto               ;
; Shift Register Replacement - Allow Asynchronous Clear Signal                    ; On                 ; On                 ;
; Pre-Mapping Resynthesis Optimization                                            ; Off                ; Off                ;
; Analysis & Synthesis Message Level                                              ; Medium             ; Medium             ;
; Disable Register Merging Across Hierarchies                                     ; Auto               ; Auto               ;
; Resource Aware Inference For Block RAM                                          ; On                 ; On                 ;
; Automatic Parallel Synthesis                                                    ; On                 ; On                 ;
; Partial Reconfiguration Bitstream ID                                            ; Off                ; Off                ;
+---------------------------------------------------------------------------------+--------------------+--------------------+


+------------------------------------------+
; Parallel Compilation                     ;
+----------------------------+-------------+
; Processors                 ; Number      ;
+----------------------------+-------------+
; Number detected on machine ; 16          ;
; Maximum allowed            ; 12          ;
;                            ;             ;
; Average used               ; 1.00        ;
; Maximum used               ; 1           ;
;                            ;             ;
; Usage by Processor         ; % Time Used ;
;     Processor 1            ; 100.0%      ;
+----------------------------+-------------+


+-------------------------------+
; Analysis & Synthesis Messages ;
+-------------------------------+
Info: *******************************************************************
Info: Running Quartus Prime Analysis & Synthesis
    Info: Version 17.0.0 Build 595 04/25/2017 SJ Lite Edition
    Info: Processing started: Wed May 03 12:13:44 2023
Info: Command: quartus_map --read_settings_files=on --write_settings_files=off DE1_SoC -c DE1_SoC
Warning (18236): Number of processors has not been specified which may cause overloading on shared machines.  Set the global assignment NUM_PARALLEL_PROCESSORS in your QSF to an appropriate value for best performance.
Info (20030): Parallel compilation is enabled and will use 12 of the 12 processors detected
Info (12021): Found 1 design units, including 1 entities, in source file flagsreg.sv
    Info (12023): Found entity 1: FlagsReg File: C:/Users/noah-/Documents/EE-CSE-469/Lab3/FlagsReg.sv Line: 8
Info (12021): Found 2 design units, including 2 entities, in source file /users/noah-/documents/ee-cse-469/lab1/reg_file.sv
    Info (12023): Found entity 1: reg_file File: C:/Users/noah-/Documents/EE-CSE-469/Lab1/reg_file.sv Line: 2
    Info (12023): Found entity 2: reg_file_tb File: C:/Users/noah-/Documents/EE-CSE-469/Lab1/reg_file.sv Line: 21
Info (12021): Found 2 design units, including 2 entities, in source file /users/noah-/documents/ee-cse-469/lab1/fulladder.sv
    Info (12023): Found entity 1: fullAdder File: C:/Users/noah-/Documents/EE-CSE-469/Lab1/fullAdder.sv Line: 12
    Info (12023): Found entity 2: fullAdder_testBench File: C:/Users/noah-/Documents/EE-CSE-469/Lab1/fullAdder.sv Line: 29
Info (12021): Found 2 design units, including 2 entities, in source file /users/noah-/documents/ee-cse-469/lab1/ttlogic.sv
    Info (12023): Found entity 1: ttLogic File: C:/Users/noah-/Documents/EE-CSE-469/Lab1/ttLogic.sv Line: 8
    Info (12023): Found entity 2: ttLogic_TB File: C:/Users/noah-/Documents/EE-CSE-469/Lab1/ttLogic.sv Line: 36
Info (12021): Found 2 design units, including 2 entities, in source file /users/noah-/documents/ee-cse-469/lab1/alu.sv
    Info (12023): Found entity 1: ALU File: C:/Users/noah-/Documents/EE-CSE-469/Lab1/ALU.sv Line: 12
    Info (12023): Found entity 2: ALU_testbench File: C:/Users/noah-/Documents/EE-CSE-469/Lab1/ALU.sv Line: 90
Info (12021): Found 2 design units, including 2 entities, in source file top.sv
    Info (12023): Found entity 1: top File: C:/Users/noah-/Documents/EE-CSE-469/Lab3/top.sv Line: 9
    Info (12023): Found entity 2: testbench2 File: C:/Users/noah-/Documents/EE-CSE-469/Lab3/top.sv Line: 57
Info (12021): Found 1 design units, including 1 entities, in source file testbench.sv
    Info (12023): Found entity 1: testbench File: C:/Users/noah-/Documents/EE-CSE-469/Lab3/testbench.sv Line: 5
Info (12021): Found 1 design units, including 1 entities, in source file imem.sv
    Info (12023): Found entity 1: imem File: C:/Users/noah-/Documents/EE-CSE-469/Lab3/imem.sv Line: 15
Info (12021): Found 1 design units, including 1 entities, in source file dmem.sv
    Info (12023): Found entity 1: dmem File: C:/Users/noah-/Documents/EE-CSE-469/Lab3/dmem.sv Line: 13
Info (12021): Found 1 design units, including 1 entities, in source file arm.sv
    Info (12023): Found entity 1: arm File: C:/Users/noah-/Documents/EE-CSE-469/Lab3/arm.sv Line: 13
Info (12021): Found 1 design units, including 1 entities, in source file de1_soc_golden_top.v
    Info (12023): Found entity 1: DE1_SOC_golden_top File: C:/Users/noah-/Documents/EE-CSE-469/Lab3/DE1_SOC_golden_top.v Line: 54
Warning (12019): Can't analyze file -- file arm_pipeline.sv is missing
Warning (10236): Verilog HDL Implicit Net warning at arm.sv(52): created implicit net for "RA1E" File: C:/Users/noah-/Documents/EE-CSE-469/Lab3/arm.sv Line: 52
Warning (10236): Verilog HDL Implicit Net warning at arm.sv(52): created implicit net for "RA2E" File: C:/Users/noah-/Documents/EE-CSE-469/Lab3/arm.sv Line: 52
Warning (10236): Verilog HDL Implicit Net warning at arm.sv(52): created implicit net for "WA2E" File: C:/Users/noah-/Documents/EE-CSE-469/Lab3/arm.sv Line: 52
Warning (10236): Verilog HDL Implicit Net warning at arm.sv(53): created implicit net for "BranchTakenE" File: C:/Users/noah-/Documents/EE-CSE-469/Lab3/arm.sv Line: 53
Warning (10236): Verilog HDL Implicit Net warning at arm.sv(155): created implicit net for "Result" File: C:/Users/noah-/Documents/EE-CSE-469/Lab3/arm.sv Line: 155
Warning (10236): Verilog HDL Implicit Net warning at arm.sv(293): created implicit net for "ALUFlagsE" File: C:/Users/noah-/Documents/EE-CSE-469/Lab3/arm.sv Line: 293
Error (10161): Verilog HDL error at arm.sv(110): object "MemtoRegE" is not declared. Verify the object name is correct. If the name is correct, declare the object. File: C:/Users/noah-/Documents/EE-CSE-469/Lab3/arm.sv Line: 110
Error (10161): Verilog HDL error at arm.sv(140): object "RA2" is not declared. Verify the object name is correct. If the name is correct, declare the object. File: C:/Users/noah-/Documents/EE-CSE-469/Lab3/arm.sv Line: 140
Error (10161): Verilog HDL error at arm.sv(141): object "RA1" is not declared. Verify the object name is correct. If the name is correct, declare the object. File: C:/Users/noah-/Documents/EE-CSE-469/Lab3/arm.sv Line: 141
Error (10161): Verilog HDL error at arm.sv(142): object "ALUSrc" is not declared. Verify the object name is correct. If the name is correct, declare the object. File: C:/Users/noah-/Documents/EE-CSE-469/Lab3/arm.sv Line: 142
Error (10161): Verilog HDL error at arm.sv(155): object "MemtoReg" is not declared. Verify the object name is correct. If the name is correct, declare the object. File: C:/Users/noah-/Documents/EE-CSE-469/Lab3/arm.sv Line: 155
Error (10161): Verilog HDL error at arm.sv(155): object "ReadData" is not declared. Verify the object name is correct. If the name is correct, declare the object. File: C:/Users/noah-/Documents/EE-CSE-469/Lab3/arm.sv Line: 155
Error (10161): Verilog HDL error at arm.sv(155): object "ALUResult" is not declared. Verify the object name is correct. If the name is correct, declare the object. File: C:/Users/noah-/Documents/EE-CSE-469/Lab3/arm.sv Line: 155
Error (10161): Verilog HDL error at arm.sv(163): object "MemToRegM" is not declared. Verify the object name is correct. If the name is correct, declare the object. File: C:/Users/noah-/Documents/EE-CSE-469/Lab3/arm.sv Line: 163
Error (10161): Verilog HDL error at arm.sv(188): object "MemtoRegD" is not declared. Verify the object name is correct. If the name is correct, declare the object. File: C:/Users/noah-/Documents/EE-CSE-469/Lab3/arm.sv Line: 188
Error (10161): Verilog HDL error at arm.sv(208): object "Instr" is not declared. Verify the object name is correct. If the name is correct, declare the object. File: C:/Users/noah-/Documents/EE-CSE-469/Lab3/arm.sv Line: 208
Info (144001): Generated suppressed messages file C:/Users/noah-/Documents/EE-CSE-469/Lab3/output_files/DE1_SoC.map.smsg
Error: Quartus Prime Analysis & Synthesis was unsuccessful. 10 errors, 8 warnings
    Error: Peak virtual memory: 4771 megabytes
    Error: Processing ended: Wed May 03 12:13:58 2023
    Error: Elapsed time: 00:00:14
    Error: Total CPU time (on all processors): 00:00:13


+------------------------------------------+
; Analysis & Synthesis Suppressed Messages ;
+------------------------------------------+
The suppressed messages can be found in C:/Users/noah-/Documents/EE-CSE-469/Lab3/output_files/DE1_SoC.map.smsg.


